<?xml version="1.0" encoding="UTF-8"?>
<!-- Generated by org.testng.reporters.JUnitReportReporter -->
<testsuite hostname="DESKTOP-52LVJNK" failures="0" tests="4" name="api.test.headerres" time="5.039" errors="0" timestamp="2022-06-04T00:13:09 IST" skipped="0">
  <testcase classname="api.test.headerres" name="Responsecookies" time="0.397"/>
  <system-out/>
  <testcase classname="api.test.headerres" name="Response" time="1.220"/>
  <system-out/>
  <testcase classname="api.test.headerres" name="xmlpathdemo" time="0.263"/>
  <system-out/>
  <testcase classname="api.test.headerres" name="Corelation" time="3.159"/>
  <system-out/>
</testsuite> <!-- api.test.headerres -->
