<?xml version="1.0" encoding="UTF-8"?>
<!-- Generated by org.testng.reporters.JUnitReportReporter -->
<testsuite hostname="DESKTOP-52LVJNK" failures="0" tests="1" name="api.test.responsetime" time="1.272" errors="0" timestamp="2022-06-04T00:13:09 IST" skipped="0">
  <testcase classname="api.test.responsetime" name="time" time="1.272"/>
  <system-out/>
</testsuite> <!-- api.test.responsetime -->
